Arguments: 
  /usr/local/Cellar/node@8/8.15.0/bin/node /usr/local/Cellar/yarn/1.13.0/libexec/bin/yarn.js add --dev bulma-dashbaord

PATH: 
  /Users/lucasperkins/Downloads/google-cloud-sdk/bin:/Users/lucasperkins/go/bin:/Applications/Visual Studio Code.app/Contents/Resources/app/bin:/usr/local/bin:/Users/lucasperkins/Downloads/google-cloud-sdk/bin:/Users/lucasperkins/go/bin:/Applications/Visual Studio Code.app/Contents/Resources/app/bin:/usr/local/bin:/Users/lucasperkins/.rvm/gems/ruby-2.6.0/bin:/Users/lucasperkins/.rvm/gems/ruby-2.6.0@global/bin:/Users/lucasperkins/.rvm/rubies/ruby-2.6.0/bin:/Users/lucasperkins/Downloads/google-cloud-sdk/bin:/Users/lucasperkins/go/bin:/Applications/Visual Studio Code.app/Contents/Resources/app/bin:/usr/local/bin:/Users/lucasperkins/.cargo/bin:/usr/local/bin:/usr/bin:/bin:/usr/sbin:/sbin:/Applications/Postgres.app/Contents/Versions/latest/bin:/Users/lucasperkins/Downloads/google-cloud-sdk/bin:/Users/lucasperkins/go/bin:/Users/lucasperkins/.sdkman/candidates/maven/current/bin:/Users/lucasperkins/.sdkman/candidates/java/current/bin:/Applications/Visual Studio Code.app/Contents/Resources/app/bin:/Users/lucasperkins/.rvm/bin:/Users/lucasperkins/.linkerd2/bin:/Users/lucasperkins/.rvm/bin:/Users/lucasperkins/.rvm/bin:/Users/lucasperkins/.linkerd2/bin:/Users/lucasperkins/.rvm/bin:/Users/lucasperkins/.rvm/bin

Yarn version: 
  1.13.0

Node version: 
  8.15.0

Platform: 
  darwin x64

Trace: 
  Error: https://registry.yarnpkg.com/bulma-dashbaord: Not found
      at Request.params.callback [as _callback] (/usr/local/Cellar/yarn/1.13.0/libexec/lib/cli.js:66255:18)
      at Request.self.callback (/usr/local/Cellar/yarn/1.13.0/libexec/lib/cli.js:129397:22)
      at emitTwo (events.js:126:13)
      at Request.emit (events.js:214:7)
      at Request.<anonymous> (/usr/local/Cellar/yarn/1.13.0/libexec/lib/cli.js:130369:10)
      at emitOne (events.js:116:13)
      at Request.emit (events.js:211:7)
      at IncomingMessage.<anonymous> (/usr/local/Cellar/yarn/1.13.0/libexec/lib/cli.js:130291:12)
      at Object.onceWrapper (events.js:313:30)
      at emitNone (events.js:111:20)

npm manifest: 
  {
    "private": true,
    "devDependencies": {
      "bulma": "^0.7.4"
    }
  }

yarn manifest: 
  No manifest

Lockfile: 
  # THIS IS AN AUTOGENERATED FILE. DO NOT EDIT THIS FILE DIRECTLY.
  # yarn lockfile v1
  
  
  bulma@^0.7.4:
    version "0.7.4"
    resolved "https://registry.yarnpkg.com/bulma/-/bulma-0.7.4.tgz#7e74512e9118d9799021339e67e365ee0ac4f3f9"
    integrity sha512-krG2rP6eAX1WE0sf6O0SC/FUVSOBX4m1PBC2+GKLpb2pX0qanaDqcv9U2nu75egFrsHkI0zdWYuk/oGwoszVWg==
